This is e-pTeX, Version 3.14159265-p3.8.0-180226-2.6 (utf8.euc) (TeX Live 2018) (preloaded format=platex 2018.11.16)  19 NOV 2018 14:25
entering extended mode
 restricted \write18 enabled.
 file:line:error style messages enabled.
 %&-line parsing enabled.
**relative_research.tex
(./relative_research.tex
pLaTeX2e <2018-04-01>+1 (based on LaTeX2e <2018-04-01> patch level 2)
Babel <3.18> and hyphenation patterns for 84 language(s) loaded.
./relative_research.tex:1: Undefined control sequence.
l.1 \chapter
            {関連研究}
? 
./relative_research.tex:1: Emergency stop.
l.1 \chapter
            {関連研究}
End of file on the terminal!

 
Here is how much of TeX's memory you used:
 4 strings out of 493281
 82 string characters out of 6145040
 60763 words of memory out of 5000000
 4035 multiletter control sequences out of 15000+600000
 7511 words of font info for 31 fonts, out of 8000000 for 9000
 929 hyphenation exceptions out of 8191
 5i,0n,3p,42b,8s stack positions out of 5000i,500n,10000p,200000b,80000s
No pages of output.
