This is e-pTeX, Version 3.14159265-p3.8.0-180226-2.6 (utf8.euc) (TeX Live 2018) (preloaded format=platex 2018.11.16)  19 NOV 2018 14:04
entering extended mode
 restricted \write18 enabled.
 file:line:error style messages enabled.
 %&-line parsing enabled.
**cimt_tomita.cls
(./cimt_tomita.cls
pLaTeX2e <2018-04-01>+1 (based on LaTeX2e <2018-04-01> patch level 2)
Babel <3.18> and hyphenation patterns for 84 language(s) loaded.

LaTeX Warning: You have requested package `',
               but the package provides `cimt'.

Package: cimt 

./cimt_tomita.cls:48: LaTeX Error: Missing \begin{document}.

See the LaTeX manual or LaTeX Companion for explanation.
Type  H <return>  for immediate help.
 ...                                              
                                                  
l.48 \newif\if@
               english
? 
./cimt_tomita.cls:48: Emergency stop.
 ...                                              
                                                  
l.48 \newif\if@
               english
You're in trouble here.  Try typing  <return>  to proceed.
If that doesn't work, type  X <return>  to quit.

 
Here is how much of TeX's memory you used:
 37 strings out of 493281
 486 string characters out of 6145040
 61012 words of memory out of 5000000
 4066 multiletter control sequences out of 15000+600000
 7511 words of font info for 31 fonts, out of 8000000 for 9000
 929 hyphenation exceptions out of 8191
 7i,0n,5p,76b,14s stack positions out of 5000i,500n,10000p,200000b,80000s
No pages of output.
